2025-10-14 00:00:32,564 INFO o.s.a.r.l.SimpleMessageListenerContainer. [org.springframework.amqp.rabbit.RabbitListenerEndpointContainer#0-2] Waiting for workers to finish.
2025-10-14 00:00:33,171 INFO o.s.a.r.l.SimpleMessageListenerContainer. [org.springframework.amqp.rabbit.RabbitListenerEndpointContainer#0-2] Successfully waited for workers to finish.
2025-10-14 00:00:33,220 INFO o.s.a.r.l.SimpleMessageListenerContainer. [SpringApplicationShutdownHook] Shutdown ignored - container is already stopped
2025-10-14 00:02:20,392 INFO o.s.b.StartupInfoLogger. [restartedMain] Starting Application using Java 24.0.2 with PID 2124799 (/home/overlord/workspace/print-service/target/classes started by overlord in /home/overlord/workspace/print-service)
2025-10-14 00:02:20,397 INFO o.s.b.SpringApplication. [restartedMain] No active profile set, falling back to 1 default profile: "default"
2025-10-14 00:02:20,501 INFO o.s.b.l.DeferredLog. [restartedMain] Devtools property defaults active! Set 'spring.devtools.add-properties' to 'false' to disable
2025-10-14 00:02:20,501 INFO o.s.b.l.DeferredLog. [restartedMain] For additional web related logging consider setting the 'logging.level.web' property to 'DEBUG'
2025-10-14 00:02:22,333 INFO o.s.b.w.e.t.TomcatWebServer. [restartedMain] Tomcat initialized with port(s): 48090 (http)
2025-10-14 00:02:22,346 INFO o.a.j.l.DirectJDKLog. [restartedMain] Initializing ProtocolHandler ["http-nio-0.0.0.0-48090"]
2025-10-14 00:02:22,347 INFO o.a.j.l.DirectJDKLog. [restartedMain] Starting service [Tomcat]
2025-10-14 00:02:22,347 INFO o.a.j.l.DirectJDKLog. [restartedMain] Starting Servlet engine: [Apache Tomcat/10.1.5]
2025-10-14 00:02:22,406 INFO o.a.j.l.DirectJDKLog. [restartedMain] Initializing Spring embedded WebApplicationContext
2025-10-14 00:02:22,407 INFO o.s.b.w.s.c.ServletWebServerApplicationContext. [restartedMain] Root WebApplicationContext: initialization completed in 1904 ms
2025-10-14 00:02:23,983 INFO o.s.b.d.a.OptionalLiveReloadServer. [restartedMain] LiveReload server is running on port 35729
2025-10-14 00:02:24,001 INFO o.s.b.a.e.w.EndpointLinksResolver. [restartedMain] Exposing 1 endpoint(s) beneath base path '/actuator'
2025-10-14 00:02:24,107 INFO o.a.j.l.DirectJDKLog. [restartedMain] Starting ProtocolHandler ["http-nio-0.0.0.0-48090"]
2025-10-14 00:02:24,129 INFO o.s.b.w.e.t.TomcatWebServer. [restartedMain] Tomcat started on port(s): 48090 (http) with context path ''
2025-10-14 00:02:24,134 INFO o.s.a.r.c.AbstractConnectionFactory. [restartedMain] Attempting to connect to: [172.16.0.104:5672]
2025-10-14 00:02:24,191 INFO o.s.a.r.c.AbstractConnectionFactory. [restartedMain] Created new connection: rabbitConnectionFactory#7dbc92f9:0/SimpleConnection@3dcb3aec [delegate=amqp://print-service@172.16.0.104:5672/, localPort=46544]
2025-10-14 00:02:24,268 INFO o.s.b.StartupInfoLogger. [restartedMain] Started Application in 4.72 seconds (process running for 5.441)
2025-10-14 00:02:27,064 INFO c.l.p.s.PrintService. [org.springframework.amqp.rabbit.RabbitListenerEndpointContainer#0-1] LGC-44B29208-3084-45DD-B47F-8F167A2DB5F5: Received Message: {
"message": "derp",
"properties": {}
}
2025-10-14 00:02:27,098 INFO c.l.p.s.PrintService. [org.springframework.amqp.rabbit.RabbitListenerEndpointContainer#0-1] LGC-D0F6D48A-7E26-4EBE-80F7-F5C6E0D58DBC: Message: derp
2025-10-14 00:02:27,104 INFO c.l.p.s.PrintService. [org.springframework.amqp.rabbit.RabbitListenerEndpointContainer#0-1] flushed
2025-10-14 00:03:16,796 INFO o.s.a.r.l.SimpleMessageListenerContainer. [org.springframework.amqp.rabbit.RabbitListenerEndpointContainer#0-2] Waiting for workers to finish.
2025-10-14 00:03:17,156 INFO o.s.a.r.l.SimpleMessageListenerContainer. [org.springframework.amqp.rabbit.RabbitListenerEndpointContainer#0-2] Successfully waited for workers to finish.
2025-10-14 00:03:17,186 INFO o.s.a.r.l.SimpleMessageListenerContainer. [SpringApplicationShutdownHook] Shutdown ignored - container is already stopped
2025-10-14 00:03:26,123 INFO o.s.b.StartupInfoLogger. [restartedMain] Starting Application using Java 24.0.2 with PID 2126054 (/home/overlord/workspace/print-service/target/classes started by overlord in /home/overlord/workspace/print-service)
2025-10-14 00:03:26,137 INFO o.s.b.SpringApplication. [restartedMain] No active profile set, falling back to 1 default profile: "default"
2025-10-14 00:03:26,380 INFO o.s.b.l.DeferredLog. [restartedMain] Devtools property defaults active! Set 'spring.devtools.add-properties' to 'false' to disable
2025-10-14 00:03:26,382 INFO o.s.b.l.DeferredLog. [restartedMain] For additional web related logging consider setting the 'logging.level.web' property to 'DEBUG'
2025-10-14 00:03:29,937 INFO o.s.b.w.e.t.TomcatWebServer. [restartedMain] Tomcat initialized with port(s): 48090 (http)
2025-10-14 00:03:29,971 INFO o.a.j.l.DirectJDKLog. [restartedMain] Initializing ProtocolHandler ["http-nio-0.0.0.0-48090"]
2025-10-14 00:03:29,974 INFO o.a.j.l.DirectJDKLog. [restartedMain] Starting service [Tomcat]
2025-10-14 00:03:29,975 INFO o.a.j.l.DirectJDKLog. [restartedMain] Starting Servlet engine: [Apache Tomcat/10.1.5]
2025-10-14 00:03:30,063 INFO o.a.j.l.DirectJDKLog. [restartedMain] Initializing Spring embedded WebApplicationContext
2025-10-14 00:03:30,064 INFO o.s.b.w.s.c.ServletWebServerApplicationContext. [restartedMain] Root WebApplicationContext: initialization completed in 3679 ms
2025-10-14 00:03:31,491 INFO o.s.b.d.a.OptionalLiveReloadServer. [restartedMain] LiveReload server is running on port 35729
2025-10-14 00:03:31,511 INFO o.s.b.a.e.w.EndpointLinksResolver. [restartedMain] Exposing 1 endpoint(s) beneath base path '/actuator'
2025-10-14 00:03:31,622 INFO o.a.j.l.DirectJDKLog. [restartedMain] Starting ProtocolHandler ["http-nio-0.0.0.0-48090"]
2025-10-14 00:03:31,645 INFO o.s.b.w.e.t.TomcatWebServer. [restartedMain] Tomcat started on port(s): 48090 (http) with context path ''
2025-10-14 00:03:31,650 INFO o.s.a.r.c.AbstractConnectionFactory. [restartedMain] Attempting to connect to: [172.16.0.104:5672]
2025-10-14 00:03:31,708 INFO o.s.a.r.c.AbstractConnectionFactory. [restartedMain] Created new connection: rabbitConnectionFactory#9c36d55:0/SimpleConnection@52d93230 [delegate=amqp://print-service@172.16.0.104:5672/, localPort=36768]
2025-10-14 00:03:31,778 INFO c.l.p.s.PrintService. [org.springframework.amqp.rabbit.RabbitListenerEndpointContainer#0-1] LGC-44B29208-3084-45DD-B47F-8F167A2DB5F5: Received Message: {
"message": "derp",
"properties": {}
}
2025-10-14 00:03:31,783 INFO o.s.b.StartupInfoLogger. [restartedMain] Started Application in 7.495 seconds (process running for 8.807)
2025-10-14 00:03:31,807 INFO c.l.p.s.PrintService. [org.springframework.amqp.rabbit.RabbitListenerEndpointContainer#0-1] LGC-D0F6D48A-7E26-4EBE-80F7-F5C6E0D58DBC: Message: derp
2025-10-14 00:03:31,814 INFO c.l.p.s.PrintService. [org.springframework.amqp.rabbit.RabbitListenerEndpointContainer#0-1] flushed
2025-10-14 00:29:18,988 INFO o.s.a.r.l.SimpleMessageListenerContainer. [org.springframework.amqp.rabbit.RabbitListenerEndpointContainer#0-2] Waiting for workers to finish.
